2024-06-07 11:30:16 error: TypeError: Cannot read properties of undefined (reading 'owner')
    at initializeBalanceInContract (webpack-internal:///(api)/./src/pages/api/register.js:108:103)
    at createAndFundAccount (webpack-internal:///(api)/./src/pages/api/register.js:99:15)
    at process.processTicksAndRejections (node:internal/process/task_queues:95:5)
    at async createNewUserAddress (webpack-internal:///(api)/./src/pages/api/register.js:66:28)
    at async handler (webpack-internal:///(api)/./src/pages/api/register.js:43:25)
    at async K (/Users/andreifat/Developer/GitHubProjects/blockchain-defi-app/node_modules/next/dist/compiled/next-server/pages-api.runtime.dev.js:21:2871)
    at async U.render (/Users/andreifat/Developer/GitHubProjects/blockchain-defi-app/node_modules/next/dist/compiled/next-server/pages-api.runtime.dev.js:21:3955)
    at async DevServer.runApi (/Users/andreifat/Developer/GitHubProjects/blockchain-defi-app/node_modules/next/dist/server/next-server.js:600:9)
    at async NextNodeServer.handleCatchallRenderRequest (/Users/andreifat/Developer/GitHubProjects/blockchain-defi-app/node_modules/next/dist/server/next-server.js:269:37)
    at async DevServer.handleRequestImpl (/Users/andreifat/Developer/GitHubProjects/blockchain-defi-app/node_modules/next/dist/server/base-server.js:816:17)
    at async /Users/andreifat/Developer/GitHubProjects/blockchain-defi-app/node_modules/next/dist/server/dev/next-dev-server.js:339:20
    at async Span.traceAsyncFn (/Users/andreifat/Developer/GitHubProjects/blockchain-defi-app/node_modules/next/dist/trace/trace.js:154:20)
    at async DevServer.handleRequest (/Users/andreifat/Developer/GitHubProjects/blockchain-defi-app/node_modules/next/dist/server/dev/next-dev-server.js:336:24)
    at async invokeRender (/Users/andreifat/Developer/GitHubProjects/blockchain-defi-app/node_modules/next/dist/server/lib/router-server.js:174:21)
    at async handleRequest (/Users/andreifat/Developer/GitHubProjects/blockchain-defi-app/node_modules/next/dist/server/lib/router-server.js:353:24)
2024-06-07 11:30:16 error: TypeError: Cannot read properties of undefined (reading 'getBalance')
    at createNewUserAddress (webpack-internal:///(api)/./src/pages/api/register.js:69:103)
    at process.processTicksAndRejections (node:internal/process/task_queues:95:5)
    at async handler (webpack-internal:///(api)/./src/pages/api/register.js:43:25)
    at async K (/Users/andreifat/Developer/GitHubProjects/blockchain-defi-app/node_modules/next/dist/compiled/next-server/pages-api.runtime.dev.js:21:2871)
    at async U.render (/Users/andreifat/Developer/GitHubProjects/blockchain-defi-app/node_modules/next/dist/compiled/next-server/pages-api.runtime.dev.js:21:3955)
    at async DevServer.runApi (/Users/andreifat/Developer/GitHubProjects/blockchain-defi-app/node_modules/next/dist/server/next-server.js:600:9)
    at async NextNodeServer.handleCatchallRenderRequest (/Users/andreifat/Developer/GitHubProjects/blockchain-defi-app/node_modules/next/dist/server/next-server.js:269:37)
    at async DevServer.handleRequestImpl (/Users/andreifat/Developer/GitHubProjects/blockchain-defi-app/node_modules/next/dist/server/base-server.js:816:17)
    at async /Users/andreifat/Developer/GitHubProjects/blockchain-defi-app/node_modules/next/dist/server/dev/next-dev-server.js:339:20
    at async Span.traceAsyncFn (/Users/andreifat/Developer/GitHubProjects/blockchain-defi-app/node_modules/next/dist/trace/trace.js:154:20)
    at async DevServer.handleRequest (/Users/andreifat/Developer/GitHubProjects/blockchain-defi-app/node_modules/next/dist/server/dev/next-dev-server.js:336:24)
    at async invokeRender (/Users/andreifat/Developer/GitHubProjects/blockchain-defi-app/node_modules/next/dist/server/lib/router-server.js:174:21)
    at async handleRequest (/Users/andreifat/Developer/GitHubProjects/blockchain-defi-app/node_modules/next/dist/server/lib/router-server.js:353:24)
    at async requestHandlerImpl (/Users/andreifat/Developer/GitHubProjects/blockchain-defi-app/node_modules/next/dist/server/lib/router-server.js:377:13)
    at async Server.requestListener (/Users/andreifat/Developer/GitHubProjects/blockchain-defi-app/node_modules/next/dist/server/lib/start-server.js:141:13)
2024-06-07 11:33:17 error: TypeError: Cannot read properties of undefined (reading 'owner')
    at initializeBalanceInContract (webpack-internal:///(api)/./src/pages/api/register.js:109:103)
    at createAndFundAccount (webpack-internal:///(api)/./src/pages/api/register.js:99:15)
    at process.processTicksAndRejections (node:internal/process/task_queues:95:5)
    at async createNewUserAddress (webpack-internal:///(api)/./src/pages/api/register.js:66:28)
    at async handler (webpack-internal:///(api)/./src/pages/api/register.js:43:25)
    at async K (/Users/andreifat/Developer/GitHubProjects/blockchain-defi-app/node_modules/next/dist/compiled/next-server/pages-api.runtime.dev.js:21:2871)
    at async U.render (/Users/andreifat/Developer/GitHubProjects/blockchain-defi-app/node_modules/next/dist/compiled/next-server/pages-api.runtime.dev.js:21:3955)
    at async DevServer.runApi (/Users/andreifat/Developer/GitHubProjects/blockchain-defi-app/node_modules/next/dist/server/next-server.js:600:9)
    at async NextNodeServer.handleCatchallRenderRequest (/Users/andreifat/Developer/GitHubProjects/blockchain-defi-app/node_modules/next/dist/server/next-server.js:269:37)
    at async DevServer.handleRequestImpl (/Users/andreifat/Developer/GitHubProjects/blockchain-defi-app/node_modules/next/dist/server/base-server.js:816:17)
    at async /Users/andreifat/Developer/GitHubProjects/blockchain-defi-app/node_modules/next/dist/server/dev/next-dev-server.js:339:20
    at async Span.traceAsyncFn (/Users/andreifat/Developer/GitHubProjects/blockchain-defi-app/node_modules/next/dist/trace/trace.js:154:20)
    at async DevServer.handleRequest (/Users/andreifat/Developer/GitHubProjects/blockchain-defi-app/node_modules/next/dist/server/dev/next-dev-server.js:336:24)
    at async invokeRender (/Users/andreifat/Developer/GitHubProjects/blockchain-defi-app/node_modules/next/dist/server/lib/router-server.js:174:21)
    at async handleRequest (/Users/andreifat/Developer/GitHubProjects/blockchain-defi-app/node_modules/next/dist/server/lib/router-server.js:353:24)
2024-06-07 11:33:17 error: TypeError: Cannot read properties of undefined (reading 'getBalance')
    at createNewUserAddress (webpack-internal:///(api)/./src/pages/api/register.js:69:103)
    at process.processTicksAndRejections (node:internal/process/task_queues:95:5)
    at async handler (webpack-internal:///(api)/./src/pages/api/register.js:43:25)
    at async K (/Users/andreifat/Developer/GitHubProjects/blockchain-defi-app/node_modules/next/dist/compiled/next-server/pages-api.runtime.dev.js:21:2871)
    at async U.render (/Users/andreifat/Developer/GitHubProjects/blockchain-defi-app/node_modules/next/dist/compiled/next-server/pages-api.runtime.dev.js:21:3955)
    at async DevServer.runApi (/Users/andreifat/Developer/GitHubProjects/blockchain-defi-app/node_modules/next/dist/server/next-server.js:600:9)
    at async NextNodeServer.handleCatchallRenderRequest (/Users/andreifat/Developer/GitHubProjects/blockchain-defi-app/node_modules/next/dist/server/next-server.js:269:37)
    at async DevServer.handleRequestImpl (/Users/andreifat/Developer/GitHubProjects/blockchain-defi-app/node_modules/next/dist/server/base-server.js:816:17)
    at async /Users/andreifat/Developer/GitHubProjects/blockchain-defi-app/node_modules/next/dist/server/dev/next-dev-server.js:339:20
    at async Span.traceAsyncFn (/Users/andreifat/Developer/GitHubProjects/blockchain-defi-app/node_modules/next/dist/trace/trace.js:154:20)
    at async DevServer.handleRequest (/Users/andreifat/Developer/GitHubProjects/blockchain-defi-app/node_modules/next/dist/server/dev/next-dev-server.js:336:24)
    at async invokeRender (/Users/andreifat/Developer/GitHubProjects/blockchain-defi-app/node_modules/next/dist/server/lib/router-server.js:174:21)
    at async handleRequest (/Users/andreifat/Developer/GitHubProjects/blockchain-defi-app/node_modules/next/dist/server/lib/router-server.js:353:24)
    at async requestHandlerImpl (/Users/andreifat/Developer/GitHubProjects/blockchain-defi-app/node_modules/next/dist/server/lib/router-server.js:377:13)
    at async Server.requestListener (/Users/andreifat/Developer/GitHubProjects/blockchain-defi-app/node_modules/next/dist/server/lib/start-server.js:141:13)
2024-06-07 11:44:33 error: RangeError: Invalid key length
    at Cipheriv.createCipherBase (node:internal/crypto/cipher:121:19)
    at Cipheriv.createCipherWithIV (node:internal/crypto/cipher:140:3)
    at new Cipheriv (node:internal/crypto/cipher:243:3)
    at Object.createCipheriv (node:crypto:146:10)
    at encrypt (webpack-internal:///(api)/./src/components/utils/encryptionFunctions.js:17:68)
    at handler (webpack-internal:///(api)/./src/pages/api/register.js:46:115)
    at process.processTicksAndRejections (node:internal/process/task_queues:95:5)
    at async K (/Users/andreifat/Developer/GitHubProjects/blockchain-defi-app/node_modules/next/dist/compiled/next-server/pages-api.runtime.dev.js:21:2871)
    at async U.render (/Users/andreifat/Developer/GitHubProjects/blockchain-defi-app/node_modules/next/dist/compiled/next-server/pages-api.runtime.dev.js:21:3955)
    at async DevServer.runApi (/Users/andreifat/Developer/GitHubProjects/blockchain-defi-app/node_modules/next/dist/server/next-server.js:600:9)
    at async NextNodeServer.handleCatchallRenderRequest (/Users/andreifat/Developer/GitHubProjects/blockchain-defi-app/node_modules/next/dist/server/next-server.js:269:37)
    at async DevServer.handleRequestImpl (/Users/andreifat/Developer/GitHubProjects/blockchain-defi-app/node_modules/next/dist/server/base-server.js:816:17)
    at async /Users/andreifat/Developer/GitHubProjects/blockchain-defi-app/node_modules/next/dist/server/dev/next-dev-server.js:339:20
    at async Span.traceAsyncFn (/Users/andreifat/Developer/GitHubProjects/blockchain-defi-app/node_modules/next/dist/trace/trace.js:154:20)
    at async DevServer.handleRequest (/Users/andreifat/Developer/GitHubProjects/blockchain-defi-app/node_modules/next/dist/server/dev/next-dev-server.js:336:24)
